# JRE version: Java(TM) SE Runtime Environment (8.0-b132) (build 1.8.0-b132)
# Java VM: Java HotSpot(TM) 64-Bit Server VM (25.0-b70 mixed mode bsd-amd64 compressed oops)
Heap:
 PSYoungGen      total 5120K, used 2795K [0x000000012d780000, 0x000000012dd80000, 0x0000000138200000)
  eden space 4096K, 43% used [0x000000012d780000,0x000000012d93ac98,0x000000012db80000)
  from space 1024K, 100% used [0x000000012dc80000,0x000000012dd80000,0x000000012dd80000)
  to   space 1024K, 0% used [0x000000012db80000,0x000000012db80000,0x000000012dc80000)
 ParOldGen       total 23040K, used 484K [0x0000000118200000, 0x0000000119880000, 0x000000012d780000)
  object space 23040K, 2% used [0x0000000118200000,0x0000000118279020,0x0000000119880000)
 Metaspace       used 9440K, capacity 9604K, committed 9856K, reserved 1058816K
  class space    used 1061K, capacity 1108K, committed 1152K, reserved 1048576K
GC Heap History (10 events):
Event: 0.157 GC heap before
{Heap before GC invocations=2 (full 0):
 PSYoungGen      total 1024K, used 908K [0x000000012d780000, 0x000000012d980000, 0x0000000138200000)
  eden space 512K, 99% used [0x000000012d780000,0x000000012d7ff390,0x000000012d800000)
  from space 512K, 78% used [0x000000012d800000,0x000000012d864010,0x000000012d880000)
  to   space 512K, 0% used [0x000000012d900000,0x000000012d900000,0x000000012d980000)
 ParOldGen       total 23040K, used 8K [0x0000000118200000, 0x0000000119880000, 0x000000012d780000)
  object space 23040K, 0% used [0x0000000118200000,0x0000000118202000,0x0000000119880000)
 Metaspace       used 2659K, capacity 4480K, committed 4480K, reserved 1056768K
  class space    used 286K, capacity 384K, committed 384K, reserved 1048576K
Event: 0.158 GC heap after
Heap after GC invocations=2 (full 0):
 PSYoungGen      total 1536K, used 496K [0x000000012d780000, 0x000000012d980000, 0x0000000138200000)
  eden space 1024K, 0% used [0x000000012d780000,0x000000012d780000,0x000000012d880000)
  from space 512K, 96% used [0x000000012d900000,0x000000012d97c010,0x000000012d980000)
  to   space 512K, 0% used [0x000000012d880000,0x000000012d880000,0x000000012d900000)
 ParOldGen       total 23040K, used 72K [0x0000000118200000, 0x0000000119880000, 0x000000012d780000)
  object space 23040K, 0% used [0x0000000118200000,0x0000000118212000,0x0000000119880000)
 Metaspace       used 2659K, capacity 4480K, committed 4480K, reserved 1056768K
  class space    used 286K, capacity 384K, committed 384K, reserved 1048576K
}
Event: 0.231 GC heap before
{Heap before GC invocations=3 (full 0):
 PSYoungGen      total 1536K, used 1520K [0x000000012d780000, 0x000000012d980000, 0x0000000138200000)
  eden space 1024K, 100% used [0x000000012d780000,0x000000012d880000,0x000000012d880000)
  from space 512K, 96% used [0x000000012d900000,0x000000012d97c010,0x000000012d980000)
  to   space 512K, 0% used [0x000000012d880000,0x000000012d880000,0x000000012d900000)
 ParOldGen       total 23040K, used 72K [0x0000000118200000, 0x0000000119880000, 0x000000012d780000)
  object space 23040K, 0% used [0x0000000118200000,0x0000000118212000,0x0000000119880000)
 Metaspace       used 4035K, capacity 4764K, committed 4864K, reserved 1056768K
  class space    used 428K, capacity 460K, committed 512K, reserved 1048576K
Event: 0.233 GC heap after
Heap after GC invocations=3 (full 0):
 PSYoungGen      total 1536K, used 512K [0x000000012d780000, 0x000000012da80000, 0x0000000138200000)
  eden space 1024K, 0% used [0x000000012d780000,0x000000012d780000,0x000000012d880000)
  from space 512K, 100% used [0x000000012d880000,0x000000012d900000,0x000000012d900000)
  to   space 512K, 0% used [0x000000012da00000,0x000000012da00000,0x000000012da80000)
 ParOldGen       total 23040K, used 232K [0x0000000118200000, 0x0000000119880000, 0x000000012d780000)
  object space 23040K, 1% used [0x0000000118200000,0x000000011823a010,0x0000000119880000)
 Metaspace       used 4035K, capacity 4764K, committed 4864K, reserved 1056768K
  class space    used 428K, capacity 460K, committed 512K, reserved 1048576K
}
Event: 0.272 GC heap before
{Heap before GC invocations=4 (full 0):
 PSYoungGen      total 1536K, used 1536K [0x000000012d780000, 0x000000012da80000, 0x0000000138200000)
  eden space 1024K, 100% used [0x000000012d780000,0x000000012d880000,0x000000012d880000)
  from space 512K, 100% used [0x000000012d880000,0x000000012d900000,0x000000012d900000)
  to   space 512K, 0% used [0x000000012da00000,0x000000012da00000,0x000000012da80000)
 ParOldGen       total 23040K, used 232K [0x0000000118200000, 0x0000000119880000, 0x000000012d780000)
  object space 23040K, 1% used [0x0000000118200000,0x000000011823a010,0x0000000119880000)
 Metaspace       used 4225K, capacity 4892K, committed 5120K, reserved 1056768K
  class space    used 447K, capacity 460K, committed 512K, reserved 1048576K
Event: 0.273 GC heap after
Heap after GC invocations=4 (full 0):
 PSYoungGen      total 2560K, used 496K [0x000000012d780000, 0x000000012da80000, 0x0000000138200000)
  eden space 2048K, 0% used [0x000000012d780000,0x000000012d780000,0x000000012d980000)
  from space 512K, 96% used [0x000000012da00000,0x000000012da7c010,0x000000012da80000)
  to   space 512K, 0% used [0x000000012d980000,0x000000012d980000,0x000000012da00000)
 ParOldGen       total 23040K, used 288K [0x0000000118200000, 0x0000000119880000, 0x000000012d780000)
  object space 23040K, 1% used [0x0000000118200000,0x0000000118248010,0x0000000119880000)
 Metaspace       used 4225K, capacity 4892K, committed 5120K, reserved 1056768K
  class space    used 447K, capacity 460K, committed 512K, reserved 1048576K
}
Event: 0.343 GC heap before
{Heap before GC invocations=5 (full 0):
 PSYoungGen      total 2560K, used 2544K [0x000000012d780000, 0x000000012da80000, 0x0000000138200000)
  eden space 2048K, 100% used [0x000000012d780000,0x000000012d980000,0x000000012d980000)
  from space 512K, 96% used [0x000000012da00000,0x000000012da7c010,0x000000012da80000)
  to   space 512K, 0% used [0x000000012d980000,0x000000012d980000,0x000000012da00000)
 ParOldGen       total 23040K, used 288K [0x0000000118200000, 0x0000000119880000, 0x000000012d780000)
  object space 23040K, 1% used [0x0000000118200000,0x0000000118248010,0x0000000119880000)
 Metaspace       used 5112K, capacity 5428K, committed 5504K, reserved 1056768K
  class space    used 549K, capacity 596K, committed 640K, reserved 1048576K
Event: 0.345 GC heap after
Heap after GC invocations=5 (full 0):
 PSYoungGen      total 2560K, used 496K [0x000000012d780000, 0x000000012dd80000, 0x0000000138200000)
  eden space 2048K, 0% used [0x000000012d780000,0x000000012d780000,0x000000012d980000)
  from space 512K, 96% used [0x000000012d980000,0x000000012d9fc010,0x000000012da00000)
  to   space 1024K, 0% used [0x000000012dc80000,0x000000012dc80000,0x000000012dd80000)
 ParOldGen       total 23040K, used 476K [0x0000000118200000, 0x0000000119880000, 0x000000012d780000)
  object space 23040K, 2% used [0x0000000118200000,0x0000000118277020,0x0000000119880000)
 Metaspace       used 5112K, capacity 5428K, committed 5504K, reserved 1056768K
  class space    used 549K, capacity 596K, committed 640K, reserved 1048576K
}
Event: 0.664 GC heap before
{Heap before GC invocations=6 (full 0):
 PSYoungGen      total 2560K, used 2544K [0x000000012d780000, 0x000000012dd80000, 0x0000000138200000)
  eden space 2048K, 100% used [0x000000012d780000,0x000000012d980000,0x000000012d980000)
  from space 512K, 96% used [0x000000012d980000,0x000000012d9fc010,0x000000012da00000)
  to   space 1024K, 0% used [0x000000012dc80000,0x000000012dc80000,0x000000012dd80000)
 ParOldGen       total 23040K, used 476K [0x0000000118200000, 0x0000000119880000, 0x000000012d780000)
  object space 23040K, 2% used [0x0000000118200000,0x0000000118277020,0x0000000119880000)
 Metaspace       used 7050K, capacity 7204K, committed 7296K, reserved 1056768K
  class space    used 772K, capacity 820K, committed 896K, reserved 1048576K
Event: 0.665 GC heap after
Heap after GC invocations=6 (full 0):
 PSYoungGen      total 5120K, used 1024K [0x000000012d780000, 0x000000012dd80000, 0x0000000138200000)
  eden space 4096K, 0% used [0x000000012d780000,0x000000012d780000,0x000000012db80000)
  from space 1024K, 100% used [0x000000012dc80000,0x000000012dd80000,0x000000012dd80000)
  to   space 1024K, 0% used [0x000000012db80000,0x000000012db80000,0x000000012dc80000)
 ParOldGen       total 23040K, used 484K [0x0000000118200000, 0x0000000119880000, 0x000000012d780000)
  object space 23040K, 2% used [0x0000000118200000,0x0000000118279020,0x0000000119880000)
 Metaspace       used 7050K, capacity 7204K, committed 7296K, reserved 1056768K
  class space    used 772K, capacity 820K, committed 896K, reserved 1048576K
}

